<?xml version="1.0" encoding="UTF-8"?>
<!-- Generated by org.testng.reporters.JUnitReportReporter -->
<testsuite hostname="DESKTOP-6KMCFUE" failures="0" tests="3" name="runner.ParallelTestRunner" time="23.397" errors="0" timestamp="2025-01-11T22:21:58 IST" skipped="0">
  <testcase classname="runner.ParallelTestRunner" name="runScenario" time="8.013"/>
  <system-out/>
  <testcase classname="runner.ParallelTestRunner" name="runScenario" time="7.654"/>
  <system-out/>
  <testcase classname="runner.ParallelTestRunner" name="runScenario" time="7.730"/>
  <system-out/>
</testsuite> <!-- runner.ParallelTestRunner -->
