<?xml version="1.0" encoding="UTF-8"?>
<!-- Generated by org.testng.reporters.JUnitReportReporter -->
<testsuite hostname="DESKTOP-6KMCFUE" failures="0" tests="1" name="runner.SequentialRunner" time="38.790" errors="0" timestamp="2025-01-22T21:47:33 IST" skipped="0">
  <testcase classname="runner.SequentialRunner" name="runScenario" time="38.790"/>
  <system-out/>
</testsuite> <!-- runner.SequentialRunner -->
